GowinSynthesis start
Running parser ...
Analyzing Verilog file 'D:\Gowin_work\TangNano-4K-example-skc\key_blink\src\key_blink.v'
WARN  (EX3801) : Parameter 'count_ms' becomes localparam in 'blink' with formal parameter declaration list("D:\Gowin_work\TangNano-4K-example-skc\key_blink\src\key_blink.v":11)
WARN  (EX3801) : Parameter 'count_20ms' becomes localparam in 'blink' with formal parameter declaration list("D:\Gowin_work\TangNano-4K-example-skc\key_blink\src\key_blink.v":13)
WARN  (EX3801) : Parameter 'count_100ms' becomes localparam in 'blink' with formal parameter declaration list("D:\Gowin_work\TangNano-4K-example-skc\key_blink\src\key_blink.v":14)
Compiling module 'blink'("D:\Gowin_work\TangNano-4K-example-skc\key_blink\src\key_blink.v":1)
WARN  (EX3791) : Expression size 31 truncated to fit in target size 30("D:\Gowin_work\TangNano-4K-example-skc\key_blink\src\key_blink.v":48)
WARN  (EX3791) : Expression size 23 truncated to fit in target size 22("D:\Gowin_work\TangNano-4K-example-skc\key_blink\src\key_blink.v":61)
WARN  (EX3791) : Expression size 32 truncated to fit in target size 6("D:\Gowin_work\TangNano-4K-example-skc\key_blink\src\key_blink.v":67)
NOTE  (EX0101) : Current top module is "blink"
[5%] Running netlist conversion ...
Running device independent optimization ...
[10%] Optimizing Phase 0 completed
[15%] Optimizing Phase 1 completed
[25%] Optimizing Phase 2 completed
Running inference ...
[30%] Inferring Phase 0 completed
[40%] Inferring Phase 1 completed
[50%] Inferring Phase 2 completed
[55%] Inferring Phase 3 completed
Running technical mapping ...
[60%] Tech-Mapping Phase 0 completed
[65%] Tech-Mapping Phase 1 completed
[75%] Tech-Mapping Phase 2 completed
[80%] Tech-Mapping Phase 3 completed
[90%] Tech-Mapping Phase 4 completed
[95%] Generate netlist file "D:\Gowin_work\TangNano-4K-example-skc\key_blink\impl\gwsynthesis\key_blink.vg" completed
[100%] Generate report file "D:\Gowin_work\TangNano-4K-example-skc\key_blink\impl\gwsynthesis\key_blink_syn.rpt.html" completed
GowinSynthesis finish
