Reading netlist file: "D:\Gowin_work\TangNano-4K-example-skc\key_blink\impl\gwsynthesis\key_blink.vg"
Parsing netlist file "D:\Gowin_work\TangNano-4K-example-skc\key_blink\impl\gwsynthesis\key_blink.vg" completed
Processing netlist completed
Reading constraint file: "D:\Gowin_work\TangNano-4K-example-skc\key_blink\src\key_blink.cst"
Physical Constraint parsed completed
Running placement......
[10%] Placement Phase 0 completed
[20%] Placement Phase 1 completed
[30%] Placement Phase 2 completed
WARN  (TA1132) :  'clk' was determined to be a clock but was not created.
[50%] Placement Phase 3 completed
Running routing......
[60%] Routing Phase 0 completed
[70%] Routing Phase 1 completed
[80%] Routing Phase 2 completed
WARN  (PR1014) : Generic routing resource will be used to clock signal 'clk_d' by the specified constraint. And then it may lead to the excessive delay or skew
[90%] Routing Phase 3 completed
Running timing analysis......
[95%] Timing analysis completed
Placement and routing completed
Bitstream generation in progress......
Bitstream generation completed
Running power analysis......
[100%] Power analysis completed
Generate file "D:\Gowin_work\TangNano-4K-example-skc\key_blink\impl\pnr\key_blink.power.html" completed
Generate file "D:\Gowin_work\TangNano-4K-example-skc\key_blink\impl\pnr\key_blink.pin.html" completed
Generate file "D:\Gowin_work\TangNano-4K-example-skc\key_blink\impl\pnr\key_blink.rpt.html" completed
Generate file "D:\Gowin_work\TangNano-4K-example-skc\key_blink\impl\pnr\key_blink.rpt.txt" completed
Generate file "D:\Gowin_work\TangNano-4K-example-skc\key_blink\impl\pnr\key_blink.tr.html" completed
Sun Mar 22 10:42:12 2026

